<?xml version="1.0" encoding="UTF-8"?>
<testsuite xmlns:xsi="http://www.w3.org/2001/XMLSchema-instance" xsi:noNamespaceSchemaLocation="https://maven.apache.org/surefire/maven-surefire-plugin/xsd/surefire-test-report-3.0.xsd" version="3.0" name="com.andres.curso.springboot.app.springbootcrud.SpringbootCrudApplicationTests" time="9.183" tests="1" errors="0" skipped="0" failures="0">
  <properties>
[...]
</properties>
  <testcase name="contextLoads" classname="com.andres.curso.springboot.app.springbootcrud.SpringbootCrudApplicationTests" time="0.361">
    <system-out><![CDATA[21:54:26.257 [main] INFO org.springframework.test.context.support.AnnotationConfigContextLoaderUtils -- Could not detect default configuration classes for test class [com.andres.curso.springboot.app.springbootcrud.SpringbootCrudApplicationTests]: SpringbootCrudApplicationTests does not declare any static, non-private, non-final, nested classes annotated with @Configuration.
21:54:26.337 [main] INFO org.springframework.boot.test.context.SpringBootTestContextBootstrapper -- Found @SpringBootConfiguration com.andres.curso.springboot.app.springbootcrud.SpringbootCrudApplication for test class com.andres.curso.springboot.app.springbootcrud.SpringbootCrudApplicationTests
21:54:26.477 [main] INFO org.springframework.boot.devtools.restart.RestartApplicationListener -- Restart disabled due to context in which it is running

  .   ____          _            __ _ _
 /\\ / ___'_ __ _ _(_)_ __  __ _ \ \ \ \
( ( )\___ | '_ | '_| | '_ \/ _` | \ \ \ \
 \\/  ___)| |_)| | | | | || (_| |  ) ) ) )
  '  |____| .__|_| |_|_| |_\__, | / / / /
 =========|_|==============|___/=/_/_/_/
 :: Spring Boot ::                (v3.2.0)

2024-09-29T21:54:26.664-04:00  INFO 6624 --- [           main] a.c.s.a.s.SpringbootCrudApplicationTests : Starting SpringbootCrudApplicationTests using Java 17.0.8 with PID 6624 (started by JHAMIL in C:\Users\JHAMIL\Documents\SI 2\springboot-crud)
2024-09-29T21:54:26.665-04:00  INFO 6624 --- [           main] a.c.s.a.s.SpringbootCrudApplicationTests : No active profile set, falling back to 1 default profile: "default"
2024-09-29T21:54:27.218-04:00  INFO 6624 --- [           main] .s.d.r.c.RepositoryConfigurationDelegate : Bootstrapping Spring Data JPA repositories in DEFAULT mode.
2024-09-29T21:54:27.283-04:00  INFO 6624 --- [           main] .s.d.r.c.RepositoryConfigurationDelegate : Finished Spring Data repository scanning in 49 ms. Found 3 JPA repository interfaces.
2024-09-29T21:54:27.736-04:00  INFO 6624 --- [           main] o.hibernate.jpa.internal.util.LogHelper  : HHH000204: Processing PersistenceUnitInfo [name: default]
2024-09-29T21:54:27.789-04:00  INFO 6624 --- [           main] org.hibernate.Version                    : HHH000412: Hibernate ORM core version 6.3.1.Final
2024-09-29T21:54:27.825-04:00  INFO 6624 --- [           main] o.h.c.internal.RegionFactoryInitiator    : HHH000026: Second-level cache disabled
2024-09-29T21:54:28.063-04:00  INFO 6624 --- [           main] o.s.o.j.p.SpringPersistenceUnitInfo      : No LoadTimeWeaver setup: ignoring JPA class transformer
2024-09-29T21:54:28.088-04:00  INFO 6624 --- [           main] com.zaxxer.hikari.HikariDataSource       : HikariPool-1 - Starting...
2024-09-29T21:54:29.788-04:00  INFO 6624 --- [           main] com.zaxxer.hikari.pool.HikariPool        : HikariPool-1 - Added connection org.postgresql.jdbc.PgConnection@20dd5870
2024-09-29T21:54:29.790-04:00  INFO 6624 --- [           main] com.zaxxer.hikari.HikariDataSource       : HikariPool-1 - Start completed.
2024-09-29T21:54:29.991-04:00  WARN 6624 --- [           main] org.hibernate.orm.deprecation            : HHH90000025: PostgreSQLDialect does not need to be specified explicitly using 'hibernate.dialect' (remove the property setting and it will be selected by default)
2024-09-29T21:54:31.029-04:00  INFO 6624 --- [           main] o.h.e.t.j.p.i.JtaPlatformInitiator       : HHH000489: No JTA platform available (set 'hibernate.transaction.jta.platform' to enable JTA platform integration)
Hibernate: create table products (id bigserial not null, category varchar(255), description varchar(255), name varchar(255), price integer, size varchar(255), primary key (id))
Hibernate: create table roles (id bigserial not null, name varchar(255), primary key (id))
Hibernate: create table users (id bigserial not null, enabled boolean not null, password varchar(255), username varchar(255), primary key (id))
Hibernate: create table users_roles (user_id bigint not null, role_id bigint not null)
Hibernate: alter table if exists roles drop constraint if exists UK_ofx66keruapi6vyqpv6f2or37
2024-09-29T21:54:32.667-04:00  WARN 6624 --- [           main] o.h.engine.jdbc.spi.SqlExceptionHelper   : SQL Warning Code: 0, SQLState: 00000
2024-09-29T21:54:32.667-04:00  WARN 6624 --- [           main] o.h.engine.jdbc.spi.SqlExceptionHelper   : constraint "uk_ofx66keruapi6vyqpv6f2or37" of relation "roles" does not exist, skipping
Hibernate: alter table if exists roles add constraint UK_ofx66keruapi6vyqpv6f2or37 unique (name)
Hibernate: alter table if exists users drop constraint if exists UK_r43af9ap4edm43mmtq01oddj6
2024-09-29T21:54:33.048-04:00  WARN 6624 --- [           main] o.h.engine.jdbc.spi.SqlExceptionHelper   : SQL Warning Code: 0, SQLState: 00000
2024-09-29T21:54:33.048-04:00  WARN 6624 --- [           main] o.h.engine.jdbc.spi.SqlExceptionHelper   : constraint "uk_r43af9ap4edm43mmtq01oddj6" of relation "users" does not exist, skipping
Hibernate: alter table if exists users add constraint UK_r43af9ap4edm43mmtq01oddj6 unique (username)
Hibernate: alter table if exists users_roles drop constraint if exists UKq3r1u8cne2rw2hkr899xuh7vj
2024-09-29T21:54:33.410-04:00  WARN 6624 --- [           main] o.h.engine.jdbc.spi.SqlExceptionHelper   : SQL Warning Code: 0, SQLState: 00000
2024-09-29T21:54:33.410-04:00  WARN 6624 --- [           main] o.h.engine.jdbc.spi.SqlExceptionHelper   : constraint "ukq3r1u8cne2rw2hkr899xuh7vj" of relation "users_roles" does not exist, skipping
Hibernate: alter table if exists users_roles add constraint UKq3r1u8cne2rw2hkr899xuh7vj unique (user_id, role_id)
Hibernate: alter table if exists users_roles add constraint FKj6m8fwv7oqv74fcehir1a9ffy foreign key (role_id) references roles
Hibernate: alter table if exists users_roles add constraint FK2o0jvgh89lemvvo17cbqvdxaa foreign key (user_id) references users
2024-09-29T21:54:33.952-04:00  INFO 6624 --- [           main] j.LocalContainerEntityManagerFactoryBean : Initialized JPA EntityManagerFactory for persistence unit 'default'
2024-09-29T21:54:34.341-04:00  WARN 6624 --- [           main] JpaBaseConfiguration$JpaWebConfiguration : spring.jpa.open-in-view is enabled by default. Therefore, database queries may be performed during view rendering. Explicitly configure spring.jpa.open-in-view to disable this warning
2024-09-29T21:54:34.639-04:00  INFO 6624 --- [           main] o.s.s.web.DefaultSecurityFilterChain     : Will secure any request with [org.springframework.security.web.session.DisableEncodeUrlFilter@2f70d78c, org.springframework.security.web.context.request.async.WebAsyncManagerIntegrationFilter@456c53a, org.springframework.security.web.context.SecurityContextHolderFilter@471d6571, org.springframework.security.web.header.HeaderWriterFilter@1f5a1ad4, org.springframework.web.filter.CorsFilter@7916568d, org.springframework.security.web.authentication.logout.LogoutFilter@44ac94c2, com.andres.curso.springboot.app.springbootcrud.security.filter.JwtAuthenticationFilter@58fadccb, com.andres.curso.springboot.app.springbootcrud.security.filter.JwtValidationFilter@711fbcef, org.springframework.security.web.savedrequest.RequestCacheAwareFilter@5692863, org.springframework.security.web.servletapi.SecurityContextHolderAwareRequestFilter@77a1df4d, org.springframework.security.web.authentication.AnonymousAuthenticationFilter@43d2c8e3, org.springframework.security.web.session.SessionManagementFilter@25d87313, org.springframework.security.web.access.ExceptionTranslationFilter@59301546, org.springframework.security.web.access.intercept.AuthorizationFilter@6df4d8f1]
2024-09-29T21:54:34.940-04:00  INFO 6624 --- [           main] a.c.s.a.s.SpringbootCrudApplicationTests : Started SpringbootCrudApplicationTests in 8.474 seconds (process running for 9.181)
]]></system-out>
  </testcase>
</testsuite>